<?xml version="1.0" encoding="UTF-8"?>
<!-- Generated by org.testng.reporters.JUnitReportReporter -->
<testsuite hostname="Admin-PC" failures="0" tests="1" name="Scripts.InvalidLogin" time="35.436" errors="0" timestamp="15 Feb 2020 04:55:15 GMT" skipped="0">
  <testcase classname="Scripts.InvalidLogin" name="testInavalidLogin" time="35.436"/>
</testsuite> <!-- Scripts.InvalidLogin -->
