<?xml version="1.0" encoding="UTF-8"?>
<!-- Generated by org.testng.reporters.JUnitReportReporter -->
<testsuite hostname="Admin-PC" failures="0" tests="1" name="Scripts.ValidLogin" time="28.713" errors="0" timestamp="17 Mar 2020 17:19:54 GMT" skipped="0">
  <testcase classname="Scripts.ValidLogin" name="testValidLogin" time="28.713"/>
</testsuite> <!-- Scripts.ValidLogin -->
