<?xml version="1.0" encoding="UTF-8"?>
<!-- Generated by org.testng.reporters.JUnitReportReporter -->
<testsuite hostname="Admin-PC" failures="0" tests="1" name="Scripts.InvalidLogin" time="21.730" errors="0" timestamp="17 Mar 2020 17:19:54 GMT" skipped="0">
  <testcase classname="Scripts.InvalidLogin" name="testInavalidLogin" time="21.730"/>
</testsuite> <!-- Scripts.InvalidLogin -->
