<?xml version="1.0" encoding="UTF-8"?>
<!-- Generated by org.testng.reporters.JUnitReportReporter -->
<testsuite skipped="0" hostname="Admin-PC" name="Scripts.TestValidLogin2" tests="1" failures="0" timestamp="14 Jan 2020 11:09:13 GMT" time="94.967" errors="0">
  <testcase name="testValidLogin2" time="94.967" classname="Scripts.TestValidLogin2"/>
</testsuite> <!-- Scripts.TestValidLogin2 -->
