<?xml version="1.0" encoding="UTF-8"?>
<!-- Generated by org.testng.reporters.JUnitReportReporter -->
<testsuite skipped="0" hostname="Admin-PC" name="Scripts.TestInvalidLogin" tests="1" failures="0" timestamp="22 Feb 2019 12:11:32 GMT" time="7.846" errors="0">
  <testcase name="testInavalidLogin" time="7.846" classname="Scripts.TestInvalidLogin"/>
</testsuite> <!-- Scripts.TestInvalidLogin -->
