<?xml version="1.0" encoding="UTF-8"?>
<!-- Generated by org.testng.reporters.JUnitReportReporter -->
<testsuite skipped="0" hostname="Admin-PC" name="Scripts.TestValidLogin2" tests="1" failures="0" timestamp="22 Feb 2019 16:55:55 GMT" time="24.410" errors="0">
  <testcase name="testValidLogin2" time="24.410" classname="Scripts.TestValidLogin2"/>
</testsuite> <!-- Scripts.TestValidLogin2 -->
