<?xml version="1.0" encoding="UTF-8"?>
<!-- Generated by org.testng.reporters.JUnitReportReporter -->
<testsuite skipped="0" hostname="Dell-PC" name="testpakageIPL.TestLogin" tests="1" failures="0" timestamp="11 Jul 2018 16:38:38 GMT" time="84.951" errors="0">
  <testcase name="testLgin" time="84.951" classname="testpakageIPL.TestLogin"/>
</testsuite> <!-- testpakageIPL.TestLogin -->
