<?xml version="1.0" encoding="UTF-8"?>
<!-- Generated by org.testng.reporters.JUnitReportReporter -->
<testsuite skipped="0" hostname="Admin-PC" name="Scripts.InvalidLogin" tests="1" failures="0" timestamp="25 Jan 2020 05:03:02 GMT" time="26.387" errors="0">
  <testcase name="testInavalidLogin" time="26.387" classname="Scripts.InvalidLogin"/>
</testsuite> <!-- Scripts.InvalidLogin -->
