<?xml version="1.0" encoding="UTF-8"?>
<!-- Generated by org.testng.reporters.JUnitReportReporter -->
<testsuite skipped="0" hostname="Admin-PC" name="Scripts.ValidLogin" tests="1" failures="0" timestamp="25 Jan 2020 05:03:02 GMT" time="32.414" errors="0">
  <testcase name="testValidLogin" time="32.414" classname="Scripts.ValidLogin"/>
</testsuite> <!-- Scripts.ValidLogin -->
