<?xml version="1.0" encoding="UTF-8"?>
<!-- Generated by org.testng.reporters.JUnitReportReporter -->
<testsuite skipped="0" hostname="Admin-PC" name="Scripts.ValidLogin" tests="1" failures="0" timestamp="22 Mar 2019 10:49:25 GMT" time="24.824" errors="0">
  <testcase name="testValidLogin" time="24.824" classname="Scripts.ValidLogin"/>
</testsuite> <!-- Scripts.ValidLogin -->
