<?xml version="1.0" encoding="UTF-8"?>
<!-- Generated by org.testng.reporters.JUnitReportReporter -->
<testsuite skipped="0" hostname="Dell-PC" name="TestNGPackge.baseclass" tests="1" failures="0" timestamp="05 Jun 2018 07:03:30 GMT" time="0.013" errors="0">
  <testcase name="f" time="0.013" classname="TestNGPackge.baseclass"/>
</testsuite> <!-- TestNGPackge.baseclass -->
