<?xml version="1.0" encoding="UTF-8"?>
<!-- Generated by org.testng.reporters.JUnitReportReporter -->
<testsuite skipped="0" hostname="Dell-PC" name="TestNGPackge.TESTA" tests="4" failures="0" timestamp="15 Sep 2018 05:53:57 GMT" time="0.032" errors="0">
  <testcase name="testA2" time="0.000" classname="TestNGPackge.TESTA"/>
  <testcase name="testA1" time="0.000" classname="TestNGPackge.TESTA"/>
  <testcase name="testA1" time="0.015" classname="TestNGPackge.TESTA"/>
  <testcase name="f" time="0.017" classname="TestNGPackge.TESTA"/>
</testsuite> <!-- TestNGPackge.TESTA -->
