<?xml version="1.0" encoding="UTF-8"?>
<!-- Generated by org.testng.reporters.JUnitReportReporter -->
<testsuite skipped="0" hostname="Dell-PC" name="TestNGPackge.TESTNGDemo" tests="3" failures="0" timestamp="05 Jun 2018 06:46:24 GMT" time="0.033" errors="0">
  <testcase name="createuser" time="0.026" classname="TestNGPackge.TESTNGDemo"/>
  <testcase name="editeuser" time="0.004" classname="TestNGPackge.TESTNGDemo"/>
  <testcase name="deleteuser" time="0.003" classname="TestNGPackge.TESTNGDemo"/>
</testsuite> <!-- TestNGPackge.TESTNGDemo -->
