<?xml version="1.0" encoding="UTF-8"?>
<!-- Generated by org.testng.reporters.JUnitReportReporter -->
<testsuite skipped="0" hostname="Admin-PC" name="TestNGPackge.BaseTestNg" tests="1" failures="0" timestamp="01 Apr 2019 16:56:08 GMT" time="0.005" errors="0">
  <testcase name="f" time="0.005" classname="TestNGPackge.BaseTestNg"/>
</testsuite> <!-- TestNGPackge.BaseTestNg -->
