<?xml version="1.0" encoding="UTF-8"?>
<!-- Generated by org.testng.reporters.JUnitReportReporter -->
<testsuite skipped="0" hostname="Dell-PC" name="TestNGPackge.Dataparameterdemo" tests="1" failures="0" timestamp="18 Sep 2018 11:30:19 GMT" time="0.012" errors="0">
  <testcase name="testParamreters" time="0.012" classname="TestNGPackge.Dataparameterdemo"/>
</testsuite> <!-- TestNGPackge.Dataparameterdemo -->
