<?xml version="1.0" encoding="UTF-8"?>
<!-- Generated by org.testng.reporters.JUnitReportReporter -->
<testsuite skipped="0" hostname="Dell-PC" name="TestNGPackge.Modulewisexecutionpgm" tests="6" failures="0" timestamp="18 Sep 2018 06:54:39 GMT" time="0.016" errors="0">
  <testcase name="createProduct" time="0.016" classname="TestNGPackge.Modulewisexecutionpgm"/>
  <testcase name="createUser" time="0.000" classname="TestNGPackge.Modulewisexecutionpgm"/>
  <testcase name="deleteProduct" time="0.000" classname="TestNGPackge.Modulewisexecutionpgm"/>
  <testcase name="editProduct" time="0.000" classname="TestNGPackge.Modulewisexecutionpgm"/>
  <testcase name="deleteUser1" time="0.000" classname="TestNGPackge.Modulewisexecutionpgm"/>
  <testcase name="editUser" time="0.000" classname="TestNGPackge.Modulewisexecutionpgm"/>
</testsuite> <!-- TestNGPackge.Modulewisexecutionpgm -->
