<?xml version="1.0" encoding="UTF-8"?>
<!-- Generated by org.testng.reporters.JUnitReportReporter -->
<testsuite skipped="0" hostname="Dell-PC" name="TestNGPackgege.DatabankDemo" tests="2" failures="0" timestamp="15 Sep 2018 09:15:59 GMT" time="0.015" errors="0">
  <testcase name="testLogin" time="0.000" classname="TestNGPackgege.DatabankDemo"/>
  <testcase name="testLogin" time="0.015" classname="TestNGPackgege.DatabankDemo"/>
</testsuite> <!-- TestNGPackgege.DatabankDemo -->
