<?xml version="1.0" encoding="UTF-8"?>
<!-- Generated by org.testng.reporters.JUnitReportReporter -->
<testsuite skipped="0" hostname="Dell-PC" name="TestNGPackge.TESTB" tests="1" failures="0" timestamp="15 Sep 2018 09:37:01 GMT" time="0.015" errors="0">
  <testcase name="testB1" time="0.015" classname="TestNGPackge.TESTB"/>
</testsuite> <!-- TestNGPackge.TESTB -->
