<?xml version="1.0" encoding="UTF-8"?>
<!-- Generated by org.testng.reporters.JUnitReportReporter -->
<testsuite skipped="0" hostname="Admin-PC" name="Scripts.TestValidLogin" tests="1" failures="0" timestamp="01 Jan 2020 11:47:33 GMT" time="68.030" errors="0">
  <testcase name="testValidLogin" time="68.030" classname="Scripts.TestValidLogin"/>
</testsuite> <!-- Scripts.TestValidLogin -->
