<?xml version="1.0" encoding="UTF-8"?>
<!-- Generated by org.testng.reporters.JUnitReportReporter -->
<testsuite skipped="0" hostname="Admin-PC" name="Scripts.TestInvalidLogin" tests="1" failures="0" timestamp="23 Mar 2019 10:16:46 GMT" time="8.548" errors="0">
  <testcase name="testInavalidLogin" time="8.548" classname="Scripts.TestInvalidLogin"/>
</testsuite> <!-- Scripts.TestInvalidLogin -->
