<?xml version="1.0" encoding="UTF-8"?>
<!-- Generated by org.testng.reporters.JUnitReportReporter -->
<testsuite skipped="0" hostname="Admin-PC" name="Scripts.TestValidLogin2" tests="1" failures="0" timestamp="10 Apr 2019 08:27:05 GMT" time="110.264" errors="0">
  <testcase name="testValidLogin2" time="110.264" classname="Scripts.TestValidLogin2"/>
</testsuite> <!-- Scripts.TestValidLogin2 -->
