<?xml version="1.0" encoding="UTF-8"?>
<!-- Generated by org.testng.reporters.JUnitReportReporter -->
<testsuite hostname="Admin-PC" failures="0" tests="1" name="Scripts.ValidLogin" time="26.890" errors="0" timestamp="17 Mar 2020 17:25:53 GMT" skipped="0">
  <testcase classname="Scripts.ValidLogin" name="testValidLogin" time="26.890"/>
</testsuite> <!-- Scripts.ValidLogin -->
