<?xml version="1.0" encoding="UTF-8"?>
<!-- Generated by org.testng.reporters.JUnitReportReporter -->
<testsuite skipped="0" hostname="Admin-PC" name="Scripts.TestValidLogin" tests="1" failures="0" timestamp="22 Feb 2019 12:01:49 GMT" time="37.793" errors="0">
  <testcase name="testValidLogin" time="37.793" classname="Scripts.TestValidLogin"/>
</testsuite> <!-- Scripts.TestValidLogin -->
