<?xml version="1.0" encoding="UTF-8"?>
<!-- Generated by org.testng.reporters.JUnitReportReporter -->
<testsuite hostname="Admin-PC" failures="0" tests="1" name="Scripts.ValidLogin" time="36.951" errors="0" timestamp="15 Feb 2020 04:55:15 GMT" skipped="0">
  <testcase classname="Scripts.ValidLogin" name="testValidLogin" time="36.951"/>
</testsuite> <!-- Scripts.ValidLogin -->
