<?xml version="1.0" encoding="UTF-8"?>
<!-- Generated by org.testng.reporters.JUnitReportReporter -->
<testsuite skipped="0" hostname="Admin-PC" name="admindashbord.Dactualpgm" tests="1" failures="0" timestamp="13 Dec 2018 17:56:53 GMT" time="35.233" errors="0">
  <testcase name="filterrides" time="35.233" classname="admindashbord.Dactualpgm"/>
</testsuite> <!-- admindashbord.Dactualpgm -->
