<?xml version="1.0" encoding="UTF-8"?>
<!-- Generated by org.testng.reporters.JUnitReportReporter -->
<testsuite skipped="0" hostname="Admin-PC" name="Scripts.TestValidLogin2" tests="1" failures="0" timestamp="24 Jan 2020 08:42:28 GMT" time="33.927" errors="0">
  <testcase name="testValidLogin2" time="33.927" classname="Scripts.TestValidLogin2"/>
</testsuite> <!-- Scripts.TestValidLogin2 -->
